

Version:	3.50
CmdLine:	C:\Users\User\Documents\Pigeon.Nest\EXE\Pigeon.Nest.exe --l4j-debug
JNI:		No
WOW64:		Yes
Working dir:	C:\Users\User\Documents\Pigeon.Nest\EXE\.
Requires JDK:	No
Requires 64-Bit: No
Java min ver:	
Java max ver:	
JRE paths:	JRE
Check launcher:	C:\Users\User\Documents\Pigeon.Nest\EXE\JRE\bin\javaw.exe (OK)
Version string: 1.024.000_002 / 64-Bit (OK)
Launcher:	C:\Users\User\Documents\Pigeon.Nest\EXE\JRE\bin\javaw.exe
Launcher args:	-jar "C:\Users\User\Documents\Pigeon.Nest\EXE\Pigeon.Nest.exe"
Args length:	62/32768 chars
Exit code:	0


Version:	3.50
CmdLine:	C:\Users\User\Documents\Pigeon.Nest\EXE\Pigeon.Nest.exe --l4j-debug
JNI:		No
WOW64:		Yes
Working dir:	C:\Users\User\Documents\Pigeon.Nest\EXE\.
Requires JDK:	No
Requires 64-Bit: No
Java min ver:	
Java max ver:	
JRE paths:	JRE
Check launcher:	C:\Users\User\Documents\Pigeon.Nest\EXE\JRE\bin\javaw.exe (OK)
Version string: 1.024.000_002 / 64-Bit (OK)
Launcher:	C:\Users\User\Documents\Pigeon.Nest\EXE\JRE\bin\javaw.exe
Launcher args:	-jar "C:\Users\User\Documents\Pigeon.Nest\EXE\Pigeon.Nest.exe"
Args length:	62/32768 chars
Exit code:	0


Version:	3.50
CmdLine:	C:\Users\User\Documents\Pigeon.Nest\EXE\Pigeon.Nest.exe --l4j-debug
JNI:		No
WOW64:		Yes
Working dir:	C:\Users\User\Documents\Pigeon.Nest\EXE\.
Requires JDK:	No
Requires 64-Bit: No
Java min ver:	
Java max ver:	
JRE paths:	JRE
Check launcher:	C:\Users\User\Documents\Pigeon.Nest\EXE\JRE\bin\javaw.exe (OK)
Version string: 1.024.000_002 / 64-Bit (OK)
Launcher:	C:\Users\User\Documents\Pigeon.Nest\EXE\JRE\bin\javaw.exe
Launcher args:	-jar "C:\Users\User\Documents\Pigeon.Nest\EXE\Pigeon.Nest.exe"
Args length:	62/32768 chars
Exit code:	0
